# JRE version: Java(TM) SE Runtime Environment (8.0_161-b12) (build 1.8.0_161-b12)
# Java VM: Java HotSpot(TM) 64-Bit Server VM (25.161-b12 mixed mode linux-amd64 compressed oops)
Heap:
 PSYoungGen      total 365568K, used 66560K [0x00000000d7100000, 0x00000000f7a00000, 0x0000000100000000)
  eden space 299008K, 0% used [0x00000000d7100000,0x00000000d7100000,0x00000000e9500000)
  from space 66560K, 100% used [0x00000000f3900000,0x00000000f7a00000,0x00000000f7a00000)
  to   space 64512K, 0% used [0x00000000e9500000,0x00000000e9500000,0x00000000ed400000)
 ParOldGen       total 823808K, used 822112K [0x0000000085200000, 0x00000000b7680000, 0x00000000d7100000)
  object space 823808K, 99% used [0x0000000085200000,0x00000000b74d8090,0x00000000b7680000)
 Metaspace       used 14204K, capacity 14658K, committed 14976K, reserved 1062912K
  class space    used 1662K, capacity 1808K, committed 1920K, reserved 1048576K
GC Heap History (10 events):
Event: 74,491 GC heap after
Heap after GC invocations=14 (full 2):
 PSYoungGen      total 363520K, used 299136K [0x00000000d7100000, 0x00000000f7a00000, 0x0000000100000000)
  eden space 299008K, 100% used [0x00000000d7100000,0x00000000e9500000,0x00000000e9500000)
  from space 64512K, 0% used [0x00000000e9500000,0x00000000e9520000,0x00000000ed400000)
  to   space 66560K, 99% used [0x00000000f3900000,0x00000000f79fc628,0x00000000f7a00000)
 ParOldGen       total 345600K, used 344701K [0x0000000085200000, 0x000000009a380000, 0x00000000d7100000)
  object space 345600K, 99% used [0x0000000085200000,0x000000009a29f798,0x000000009a380000)
 Metaspace       used 14204K, capacity 14658K, committed 14976K, reserved 1062912K
  class space    used 1662K, capacity 1808K, committed 1920K, reserved 1048576K
}
Event: 75,124 GC heap before
{Heap before GC invocations=15 (full 3):
 PSYoungGen      total 363520K, used 299136K [0x00000000d7100000, 0x00000000f7a00000, 0x0000000100000000)
  eden space 299008K, 100% used [0x00000000d7100000,0x00000000e9500000,0x00000000e9500000)
  from space 64512K, 0% used [0x00000000e9500000,0x00000000e9520000,0x00000000ed400000)
  to   space 66560K, 99% used [0x00000000f3900000,0x00000000f79fc628,0x00000000f7a00000)
 ParOldGen       total 345600K, used 344701K [0x0000000085200000, 0x000000009a380000, 0x00000000d7100000)
  object space 345600K, 99% used [0x0000000085200000,0x000000009a29f798,0x000000009a380000)
 Metaspace       used 14204K, capacity 14658K, committed 14976K, reserved 1062912K
  class space    used 1662K, capacity 1808K, committed 1920K, reserved 1048576K
Event: 80,281 GC heap after
Heap after GC invocations=15 (full 3):
 PSYoungGen      total 363520K, used 0K [0x00000000d7100000, 0x00000000f7a00000, 0x0000000100000000)
  eden space 299008K, 0% used [0x00000000d7100000,0x00000000d7100000,0x00000000e9500000)
  from space 64512K, 0% used [0x00000000e9500000,0x00000000e9500000,0x00000000ed400000)
  to   space 66560K, 97% used [0x00000000f3900000,0x00000000f785ba70,0x00000000f7a00000)
 ParOldGen       total 442880K, used 345385K [0x0000000085200000, 0x00000000a0280000, 0x00000000d7100000)
  object space 442880K, 77% used [0x0000000085200000,0x000000009a34a660,0x00000000a0280000)
 Metaspace       used 14204K, capacity 14658K, committed 14976K, reserved 1062912K
  class space    used 1662K, capacity 1808K, committed 1920K, reserved 1048576K
}
Event: 81,761 GC heap before
{Heap before GC invocations=16 (full 4):
 PSYoungGen      total 363520K, used 299008K [0x00000000d7100000, 0x00000000f7a00000, 0x0000000100000000)
  eden space 299008K, 100% used [0x00000000d7100000,0x00000000e9500000,0x00000000e9500000)
  from space 64512K, 0% used [0x00000000e9500000,0x00000000e9500000,0x00000000ed400000)
  to   space 66560K, 97% used [0x00000000f3900000,0x00000000f785ba70,0x00000000f7a00000)
 ParOldGen       total 442880K, used 345385K [0x0000000085200000, 0x00000000a0280000, 0x00000000d7100000)
  object space 442880K, 77% used [0x0000000085200000,0x000000009a34a660,0x00000000a0280000)
 Metaspace       used 14204K, capacity 14658K, committed 14976K, reserved 1062912K
  class space    used 1662K, capacity 1808K, committed 1920K, reserved 1048576K
Event: 92,202 GC heap after
Heap after GC invocations=16 (full 4):
 PSYoungGen      total 363520K, used 266491K [0x00000000d7100000, 0x00000000f7a00000, 0x0000000100000000)
  eden space 299008K, 89% used [0x00000000d7100000,0x00000000e753efe0,0x00000000e9500000)
  from space 64512K, 0% used [0x00000000e9500000,0x00000000e9500000,0x00000000ed400000)
  to   space 66560K, 0% used [0x00000000f3900000,0x00000000f3900000,0x00000000f7a00000)
 ParOldGen       total 557568K, used 442605K [0x0000000085200000, 0x00000000a7280000, 0x00000000d7100000)
  object space 557568K, 79% used [0x0000000085200000,0x00000000a023b620,0x00000000a7280000)
 Metaspace       used 14204K, capacity 14658K, committed 14976K, reserved 1062912K
  class space    used 1662K, capacity 1808K, committed 1920K, reserved 1048576K
}
Event: 92,914 GC heap before
{Heap before GC invocations=17 (full 4):
 PSYoungGen      total 363520K, used 299008K [0x00000000d7100000, 0x00000000f7a00000, 0x0000000100000000)
  eden space 299008K, 100% used [0x00000000d7100000,0x00000000e9500000,0x00000000e9500000)
  from space 64512K, 0% used [0x00000000e9500000,0x00000000e9500000,0x00000000ed400000)
  to   space 66560K, 0% used [0x00000000f3900000,0x00000000f3900000,0x00000000f7a00000)
 ParOldGen       total 557568K, used 442605K [0x0000000085200000, 0x00000000a7280000, 0x00000000d7100000)
  object space 557568K, 79% used [0x0000000085200000,0x00000000a023b620,0x00000000a7280000)
 Metaspace       used 14204K, capacity 14658K, committed 14976K, reserved 1062912K
  class space    used 1662K, capacity 1808K, committed 1920K, reserved 1048576K
Event: 121,938 GC heap after
Heap after GC invocations=17 (full 4):
 PSYoungGen      total 363520K, used 299008K [0x00000000d7100000, 0x00000000f7a00000, 0x0000000100000000)
  eden space 299008K, 100% used [0x00000000d7100000,0x00000000e9500000,0x00000000e9500000)
  from space 64512K, 0% used [0x00000000e9500000,0x00000000e9500000,0x00000000ed400000)
  to   space 66560K, 100% used [0x00000000f3900000,0x00000000f7a00000,0x00000000f7a00000)
 ParOldGen       total 588800K, used 587621K [0x0000000085200000, 0x00000000a9100000, 0x00000000d7100000)
  object space 588800K, 99% used [0x0000000085200000,0x00000000a8fd9608,0x00000000a9100000)
 Metaspace       used 14204K, capacity 14658K, committed 14976K, reserved 1062912K
  class space    used 1662K, capacity 1808K, committed 1920K, reserved 1048576K
}
Event: 122,432 GC heap before
{Heap before GC invocations=18 (full 5):
 PSYoungGen      total 363520K, used 299008K [0x00000000d7100000, 0x00000000f7a00000, 0x0000000100000000)
  eden space 299008K, 100% used [0x00000000d7100000,0x00000000e9500000,0x00000000e9500000)
  from space 64512K, 0% used [0x00000000e9500000,0x00000000e9500000,0x00000000ed400000)
  to   space 66560K, 100% used [0x00000000f3900000,0x00000000f7a00000,0x00000000f7a00000)
 ParOldGen       total 588800K, used 587621K [0x0000000085200000, 0x00000000a9100000, 0x00000000d7100000)
  object space 588800K, 99% used [0x0000000085200000,0x00000000a8fd9608,0x00000000a9100000)
 Metaspace       used 14204K, capacity 14658K, committed 14976K, reserved 1062912K
  class space    used 1662K, capacity 1808K, committed 1920K, reserved 1048576K
Event: 133,654 GC heap after
Heap after GC invocations=18 (full 5):
 PSYoungGen      total 363520K, used 153243K [0x00000000d7100000, 0x00000000f7a00000, 0x0000000100000000)
  eden space 299008K, 51% used [0x00000000d7100000,0x00000000e06a6d80,0x00000000e9500000)
  from space 64512K, 0% used [0x00000000e9500000,0x00000000e9500000,0x00000000ed400000)
  to   space 66560K, 0% used [0x00000000f3900000,0x00000000f3900000,0x00000000f7a00000)
 ParOldGen       total 717312K, used 588364K [0x0000000085200000, 0x00000000b0e80000, 0x00000000d7100000)
  object space 717312K, 82% used [0x0000000085200000,0x00000000a9093150,0x00000000b0e80000)
 Metaspace       used 14204K, capacity 14658K, committed 14976K, reserved 1062912K
  class space    used 1662K, capacity 1808K, committed 1920K, reserved 1048576K
}
Event: 133,739 GC heap before
{Heap before GC invocations=19 (full 5):
 PSYoungGen      total 363520K, used 299008K [0x00000000d7100000, 0x00000000f7a00000, 0x0000000100000000)
  eden space 299008K, 100% used [0x00000000d7100000,0x00000000e9500000,0x00000000e9500000)
  from space 64512K, 0% used [0x00000000e9500000,0x00000000e9500000,0x00000000ed400000)
  to   space 66560K, 0% used [0x00000000f3900000,0x00000000f3900000,0x00000000f7a00000)
 ParOldGen       total 717312K, used 588364K [0x0000000085200000, 0x00000000b0e80000, 0x00000000d7100000)
  object space 717312K, 82% used [0x0000000085200000,0x00000000a9093150,0x00000000b0e80000)
 Metaspace       used 14204K, capacity 14658K, committed 14976K, reserved 1062912K
  class space    used 1662K, capacity 1808K, committed 1920K, reserved 1048576K

